


ARM Macro Assembler    Page 1 


    1 00000000         ; 
    2 00000000         ;                  Copyright (c), NXP Semiconductors
    3 00000000         ; 
    4 00000000         ;                     (C)NXP Semiconductors
    5 00000000         ;        All rights are reserved. Reproduction in whole 
                       or in part is
    6 00000000         ;       prohibited without the written consent of the co
                       pyright owner.
    7 00000000         ;   NXP reserves the right to make changes without notic
                       e at any time.
    8 00000000         ;  NXP makes no warranty, expressed, implied or statutor
                       y, including but
    9 00000000         ; not limited to any implied warranty of merchantability
                        or fitness for any
   10 00000000         ; particular purpose, or that the use will not infringe 
                       any third party patent,
   11 00000000         ;  copyright or trademark. NXP must not be liable for an
                       y loss or damage
   12 00000000         ;                          arising from its use.
   13 00000000         ; 
   14 00000000         ; //-------- <<< Use Configuration Wizard in Context Men
                       u >>> ------------------
   15 00000000         
   16 00000000         
   17 00000000         ;   <o> Main Stack size (in Bytes) <256-2048:8>
   18 00000000         ;   <i> This is the stack that would be used by interrup
                       ts
   19 00000000         
   20 00000000 00000190 
                       MSP_Size
                               EQU              400
   21 00000000         
   22 00000000         ;   <o> Process Stack size (in Bytes) <256-10240:8>
   23 00000000         ;       <i> This is General Stack during course of execu
                       tion.
   24 00000000         ;       <i> If you are using HEAP, then this should be i
                       n lower range
   25 00000000         ;       <i> because tasks would be run from within the h
                       eap
   26 00000000         
   27 00000000 00000800 
                       PSP_Size
                               EQU              2048
   28 00000000         
   29 00000000         ;   <o> HEAP Size (in Bytes) <0-10240:8>
   30 00000000         ;       <i> Generally, RTOS and library would use this H
                       EAP
   31 00000000         ;       <i> If you are not using RTOS, then this can be 
                       in lower range.
   32 00000000         ;       <i> else, depending on application, this should 
                       be in 
   33 00000000         ;       <i> higher range to accomodate various objects c
                       reated 
   34 00000000         ;       <i> for/by RTOS.
   35 00000000         
   36 00000000 00001388 
                       Heap_Size
                               EQU              5000
   37 00000000         



ARM Macro Assembler    Page 2 


   38 00000000         ; // <<< end of configuration section >>>
   39 00000000         
   40 00000000         ;
   41 00000000         ;       +-------------------+ :=  __initial_msp
   42 00000000         ;       | MSP (for ISR)     |
   43 00000000         ;       |                   |  /MSP_Size/
   44 00000000         ;       |                   |
   45 00000000         ;       +-------------------+ := __initial_psp = __initi
                       al_sp = (__initial_msp - /MSP_Size/)
   46 00000000         ;       | PSP               |
   47 00000000         ;       | PSP               |
   48 00000000         ;       | (grows down)      | /PSP_Size/
   49 00000000         ;       |                   |
   50 00000000         ;       |                   |
   51 00000000         ;       |                   | 
   52 00000000         ;       +-------------------+ := Stack_Mem = (__initial_
                       psp - PSP_Size)
   53 00000000         ;       |                   | := __heap_limit
   54 00000000         ;       |                   |
   55 00000000         ;       |                   |
   56 00000000         ;       |                   | /Heap_Size/
   57 00000000         ;       |                   |
   58 00000000         ;       | (grows up)        |
   59 00000000         ;       | HEAP (malloc,etc.)|
   60 00000000         ;       +-------------------+ := __heap_base = Heap_Mem
   61 00000000         ;       |                   |
   62 00000000         ;       | BSS,DATA          |
   63 00000000         ;       |                   |
   64 00000000         ;       +-------------------+ := PH_RAM_MEM_START (0x001
                       00020)
   65 00000000         ;
   66 00000000         
   67 00000000 00102F00 
                       __initial_msp
                               EQU              0x00102F00
   68 00000000 00102D70 
                       __initial_psp
                               EQU              (__initial_msp  - MSP_Size)
   69 00000000 00102D70 
                       __initial_sp
                               EQU              __initial_psp
   70 00000000 00102570 
                       Stack_Mem
                               EQU              (__initial_psp - PSP_Size)
   71 00000000         
   72 00000000                 AREA             HEAP, NOINIT, READWRITE, ALIGN=
3
   73 00000000         __heap_base
   74 00000000         Heap_Mem
                               SPACE            Heap_Size
   75 00001388         __heap_limit
   76 00001388         
   77 00001388         
   78 00001388                 PRESERVE8
   79 00001388                 THUMB
   80 00001388         
   81 00001388         
   82 00001388         ; Vector Table Mapped to Address 0 at Reset
   83 00001388         



ARM Macro Assembler    Page 3 


   84 00001388                 AREA             RESET, DATA, READONLY
   85 00000000                 EXPORT           __Vectors
   86 00000000                 EXPORT           __Vectors_End
   87 00000000                 EXPORT           __Vectors_Size
   88 00000000         
   89 00000000 00102F00 
                       __Vectors
                               DCD              __initial_msp ; Top of Stack
   90 00000004 00000000        DCD              Reset_Handler ; Reset Handler
   91 00000008 00000000        DCD              NMI_Handler ; NMI Handler
   92 0000000C 00000000        DCD              HardFault_Handler ; Hard Fault 
                                                            Handler
   93 00000010 00000000        DCD              0           ; Reserved
   94 00000014 00000000        DCD              0           ; Reserved
   95 00000018 00000000        DCD              0           ; Reserved
   96 0000001C 00000000        DCD              0           ; Reserved
   97 00000020 00000000        DCD              0           ; Reserved
   98 00000024 00000000        DCD              0           ; Reserved
   99 00000028 00000000        DCD              0           ; Reserved
  100 0000002C 00000000        DCD              SVC_Handler ; SVCall Handler
  101 00000030 00000000        DCD              0           ; Reserved
  102 00000034 00000000        DCD              0           ; Reserved
  103 00000038 00000000        DCD              PendSV_Handler ; PendSV Handler
                                                            
  104 0000003C 00000000        DCD              SysTick_Handler 
                                                            ; SysTick Handler
  105 00000040         
  106 00000040         ; External Interrupts
  107 00000040 00000000        DCD              TIMER_IRQHandler ;  0
  108 00000044 00000000        DCD              0           ;  1
  109 00000048 00000000        DCD              RF_IRQHandler ;  2
  110 0000004C 00000000        DCD              0           ;  3
  111 00000050 00000000        DCD              0           ;  4
  112 00000054 00000000        DCD              0           ;  5
  113 00000058 00000000        DCD              HIF_IRQHandler ;  6
  114 0000005C 00000000        DCD              CTIF_IRQHandler ;  7
  115 00000060 00000000        DCD              0           ;  8
  116 00000064 00000000        DCD              PMU_IRQHandler ;  9
  117 00000068 00000000        DCD              SPIM_IRQHandler ; 10
  118 0000006C 00000000        DCD              I2CM_IRQHandler ; 11
  119 00000070 00000000        DCD              PCR_IRQHandler ; 12
  120 00000074 00000000        DCD              GPIO_Common_IRQHandler ; 13
  121 00000078 00000000        DCD              GPIO_01_IRQHandler ; 14
  122 0000007C 00000000        DCD              GPIO_02_IRQHandler ; 15
  123 00000080 00000000        DCD              GPIO_03_IRQHandler ; 16
  124 00000084 00000000        DCD              GPIO_04_IRQHandler ; 17
  125 00000088 00000000        DCD              GPIO_05_IRQHandler ; 18
  126 0000008C 00000000        DCD              GPIO_06_IRQHandler ; 19
  127 00000090 00000000        DCD              GPIO_07_IRQHandler ; 20
  128 00000094 00000000        DCD              GPIO_08_IRQHandler ; 21
  129 00000098 00000000        DCD              GPIO_09_IRQHandler ; 22
  130 0000009C 00000000        DCD              GPIO_10_IRQHandler ; 23
  131 000000A0 00000000        DCD              GPIO_11_IRQHandler ; 24
  132 000000A4 00000000        DCD              GPIO_12_IRQHandler ; 25
  133 000000A8 00000000        DCD              0           ; 26
  134 000000AC 00000000        DCD              0           ; 27
  135 000000B0 00000000        DCD              0           ; 28
  136 000000B4 00000000        DCD              0           ; 29
  137 000000B8 00000000        DCD              0           ; 30



ARM Macro Assembler    Page 4 


  138 000000BC 00000000        DCD              0           ; 31
  139 000000C0         
  140 000000C0         verter
  141 000000C0         __Vectors_End
  142 000000C0         
  143 000000C0 000000C0 
                       __Vectors_Size
                               EQU              __Vectors_End - __Vectors
  144 000000C0         
  145 000000C0                 AREA             |.text|, CODE, READONLY
  146 00000000         
  147 00000000         
  148 00000000         ; Reset Handler
  149 00000000         
  150 00000000         Reset_Handler
                               PROC
  151 00000000                 EXPORT           Reset_Handler             [WEAK
]
  152 00000000                 IMPORT           SystemInit
  153 00000000                 IMPORT           __main
  154 00000000 B672            CPSID            i
  155 00000002 480B            LDR              R0, =__initial_psp
  156 00000004 F380 8809       MSR              PSP, R0
  157 00000008 2002            MOVS             R0, #2
  158 0000000A F380 8814       MSR              CONTROL, R0
  159 0000000E 4809            LDR              R0, =SystemInit
  160 00000010 4780            BLX              R0
  161 00000012 4809            LDR              R0, =__main
  162 00000014 4700            BX               R0
  163 00000016                 ENDP
  164 00000016         
  165 00000016         
  166 00000016         ; Dummy Exception Handlers (infinite loops which can be 
                       modified)
  167 00000016         
  168 00000016         NMI_Handler
                               PROC
  169 00000016                 EXPORT           NMI_Handler               [WEAK
]
  170 00000016 E7FE            B                .
  171 00000018                 ENDP
  173 00000018         HardFault_Handler
                               PROC
  174 00000018                 EXPORT           HardFault_Handler         [WEAK
]
  175 00000018 E7FE            B                .
  176 0000001A                 ENDP
  177 0000001A         SVC_Handler
                               PROC
  178 0000001A                 EXPORT           SVC_Handler               [WEAK
]
  179 0000001A E7FE            B                .
  180 0000001C                 ENDP
  181 0000001C         PendSV_Handler
                               PROC
  182 0000001C                 EXPORT           PendSV_Handler            [WEAK
]
  183 0000001C E7FE            B                .
  184 0000001E                 ENDP



ARM Macro Assembler    Page 5 


  185 0000001E         SysTick_Handler
                               PROC
  186 0000001E                 EXPORT           SysTick_Handler           [WEAK
]
  187 0000001E E7FE            B                .
  188 00000020                 ENDP
  189 00000020         
  190 00000020         Default_Handler
                               PROC
  191 00000020         
  192 00000020                 EXPORT           TIMER_IRQHandler           [WEA
K]
  193 00000020                 EXPORT           RF_IRQHandler              [WEA
K]
  194 00000020                 EXPORT           HIF_IRQHandler             [WEA
K]
  195 00000020                 EXPORT           CTIF_IRQHandler            [WEA
K]
  196 00000020                 EXPORT           PMU_IRQHandler             [WEA
K]
  197 00000020                 EXPORT           SPIM_IRQHandler            [WEA
K]
  198 00000020                 EXPORT           I2CM_IRQHandler            [WEA
K]
  199 00000020                 EXPORT           PCR_IRQHandler             [WEA
K]
  200 00000020                 EXPORT           GPIO_Common_IRQHandler     [WEA
K]
  201 00000020                 EXPORT           GPIO_01_IRQHandler         [WEA
K]
  202 00000020                 EXPORT           GPIO_02_IRQHandler         [WEA
K]
  203 00000020                 EXPORT           GPIO_03_IRQHandler         [WEA
K]
  204 00000020                 EXPORT           GPIO_04_IRQHandler         [WEA
K]
  205 00000020                 EXPORT           GPIO_05_IRQHandler         [WEA
K]
  206 00000020                 EXPORT           GPIO_06_IRQHandler         [WEA
K]
  207 00000020                 EXPORT           GPIO_07_IRQHandler         [WEA
K]
  208 00000020                 EXPORT           GPIO_08_IRQHandler         [WEA
K]
  209 00000020                 EXPORT           GPIO_09_IRQHandler         [WEA
K]
  210 00000020                 EXPORT           GPIO_10_IRQHandler         [WEA
K]
  211 00000020                 EXPORT           GPIO_11_IRQHandler         [WEA
K]
  212 00000020                 EXPORT           GPIO_12_IRQHandler         [WEA
K]
  213 00000020         
  214 00000020         
  215 00000020         TIMER_IRQHandler
  216 00000020         RF_IRQHandler
  217 00000020         HIF_IRQHandler
  218 00000020         CTIF_IRQHandler
  219 00000020         PMU_IRQHandler



ARM Macro Assembler    Page 6 


  220 00000020         SPIM_IRQHandler
  221 00000020         I2CM_IRQHandler
  222 00000020         PCR_IRQHandler
  223 00000020         GPIO_Common_IRQHandler
  224 00000020         GPIO_01_IRQHandler
  225 00000020         GPIO_02_IRQHandler
  226 00000020         GPIO_03_IRQHandler
  227 00000020         GPIO_04_IRQHandler
  228 00000020         GPIO_05_IRQHandler
  229 00000020         GPIO_06_IRQHandler
  230 00000020         GPIO_07_IRQHandler
  231 00000020         GPIO_08_IRQHandler
  232 00000020         GPIO_09_IRQHandler
  233 00000020         GPIO_10_IRQHandler
  234 00000020         GPIO_11_IRQHandler
  235 00000020         GPIO_12_IRQHandler
  236 00000020 E7FE            B                .
  237 00000022                 ENDP
  238 00000022         
  239 00000022         
  240 00000022 00 00           ALIGN
  241 00000024         
  242 00000024         
  243 00000024         ; User Initial Stack & Heap
  244 00000024         
  245 00000024                 IF               :DEF:__MICROLIB
  252 00000024         
  253 00000024                 IMPORT           __use_two_region_memory
  254 00000024                 EXPORT           __user_initial_stackheap
  255 00000024         __user_initial_stackheap
  256 00000024         
  257 00000024 4805            LDR              R0, =  Heap_Mem
  258 00000026 4902            LDR              R1, = __initial_psp
  259 00000028 4A05            LDR              R2, = (Heap_Mem +  Heap_Size)
  260 0000002A 4B06            LDR              R3, = Stack_Mem
  261 0000002C 4770            BX               LR
  262 0000002E         
  263 0000002E 00 00           ALIGN
  264 00000030         
  265 00000030                 ENDIF
  266 00000030         
  267 00000030         
  268 00000030                 END
              00102D70 
              00000000 
              00000000 
              00000000 
              00001388 
              00102570 
Command Line: --16 --debug --xref --diag_suppress=9931 --cpu=Cortex-M0 --apcs=i
nterwork --depend=.\objects\startup_pn74xxxx.d -o.\objects\startup_pn74xxxx.o -
I.\RTE\_Debug -IC:\Keil_v5\ARM\PACK\NXP\PN7xxxxx\0.9.0\Device\Include -IC:\Keil
_v5\ARM\CMSIS\Include --predefine="__UVISION_VERSION SETA 526" --predefine="_RT
E_ SETA 1" --predefine="__PN74XXXX__ SETA 1" --list=.\listings\startup_pn74xxxx
.lst RTE\Device\PN7462AU-C3-00\startup_PN74xxxx.s



ARM Macro Assembler    Page 1 Alphabetic symbol ordering
Relocatable symbols

HEAP 00000000

Symbol: HEAP
   Definitions
      At line 72 in file RTE\Device\PN7462AU-C3-00\startup_PN74xxxx.s
   Uses
      None
Comment: HEAP unused
Heap_Mem 00000000

Symbol: Heap_Mem
   Definitions
      At line 74 in file RTE\Device\PN7462AU-C3-00\startup_PN74xxxx.s
   Uses
      At line 257 in file RTE\Device\PN7462AU-C3-00\startup_PN74xxxx.s
      At line 259 in file RTE\Device\PN7462AU-C3-00\startup_PN74xxxx.s

__heap_base 00000000

Symbol: __heap_base
   Definitions
      At line 73 in file RTE\Device\PN7462AU-C3-00\startup_PN74xxxx.s
   Uses
      None
Comment: __heap_base unused
__heap_limit 00001388

Symbol: __heap_limit
   Definitions
      At line 75 in file RTE\Device\PN7462AU-C3-00\startup_PN74xxxx.s
   Uses
      None
Comment: __heap_limit unused
4 symbols



ARM Macro Assembler    Page 1 Alphabetic symbol ordering
Relocatable symbols

RESET 00000000

Symbol: RESET
   Definitions
      At line 84 in file RTE\Device\PN7462AU-C3-00\startup_PN74xxxx.s
   Uses
      None
Comment: RESET unused
__Vectors 00000000

Symbol: __Vectors
   Definitions
      At line 89 in file RTE\Device\PN7462AU-C3-00\startup_PN74xxxx.s
   Uses
      At line 85 in file RTE\Device\PN7462AU-C3-00\startup_PN74xxxx.s
      At line 143 in file RTE\Device\PN7462AU-C3-00\startup_PN74xxxx.s

__Vectors_End 000000C0

Symbol: __Vectors_End
   Definitions
      At line 141 in file RTE\Device\PN7462AU-C3-00\startup_PN74xxxx.s
   Uses
      At line 86 in file RTE\Device\PN7462AU-C3-00\startup_PN74xxxx.s
      At line 143 in file RTE\Device\PN7462AU-C3-00\startup_PN74xxxx.s

verter 000000C0

Symbol: verter
   Definitions
      At line 140 in file RTE\Device\PN7462AU-C3-00\startup_PN74xxxx.s
   Uses
      None
Comment: verter unused
4 symbols



ARM Macro Assembler    Page 1 Alphabetic symbol ordering
Relocatable symbols

.text 00000000

Symbol: .text
   Definitions
      At line 145 in file RTE\Device\PN7462AU-C3-00\startup_PN74xxxx.s
   Uses
      None
Comment: .text unused
CTIF_IRQHandler 00000020

Symbol: CTIF_IRQHandler
   Definitions
      At line 218 in file RTE\Device\PN7462AU-C3-00\startup_PN74xxxx.s
   Uses
      At line 114 in file RTE\Device\PN7462AU-C3-00\startup_PN74xxxx.s
      At line 195 in file RTE\Device\PN7462AU-C3-00\startup_PN74xxxx.s

Default_Handler 00000020

Symbol: Default_Handler
   Definitions
      At line 190 in file RTE\Device\PN7462AU-C3-00\startup_PN74xxxx.s
   Uses
      None
Comment: Default_Handler unused
GPIO_01_IRQHandler 00000020

Symbol: GPIO_01_IRQHandler
   Definitions
      At line 224 in file RTE\Device\PN7462AU-C3-00\startup_PN74xxxx.s
   Uses
      At line 121 in file RTE\Device\PN7462AU-C3-00\startup_PN74xxxx.s
      At line 201 in file RTE\Device\PN7462AU-C3-00\startup_PN74xxxx.s

GPIO_02_IRQHandler 00000020

Symbol: GPIO_02_IRQHandler
   Definitions
      At line 225 in file RTE\Device\PN7462AU-C3-00\startup_PN74xxxx.s
   Uses
      At line 122 in file RTE\Device\PN7462AU-C3-00\startup_PN74xxxx.s
      At line 202 in file RTE\Device\PN7462AU-C3-00\startup_PN74xxxx.s

GPIO_03_IRQHandler 00000020

Symbol: GPIO_03_IRQHandler
   Definitions
      At line 226 in file RTE\Device\PN7462AU-C3-00\startup_PN74xxxx.s
   Uses
      At line 123 in file RTE\Device\PN7462AU-C3-00\startup_PN74xxxx.s
      At line 203 in file RTE\Device\PN7462AU-C3-00\startup_PN74xxxx.s

GPIO_04_IRQHandler 00000020

Symbol: GPIO_04_IRQHandler
   Definitions
      At line 227 in file RTE\Device\PN7462AU-C3-00\startup_PN74xxxx.s
   Uses
      At line 124 in file RTE\Device\PN7462AU-C3-00\startup_PN74xxxx.s



ARM Macro Assembler    Page 2 Alphabetic symbol ordering
Relocatable symbols

      At line 204 in file RTE\Device\PN7462AU-C3-00\startup_PN74xxxx.s

GPIO_05_IRQHandler 00000020

Symbol: GPIO_05_IRQHandler
   Definitions
      At line 228 in file RTE\Device\PN7462AU-C3-00\startup_PN74xxxx.s
   Uses
      At line 125 in file RTE\Device\PN7462AU-C3-00\startup_PN74xxxx.s
      At line 205 in file RTE\Device\PN7462AU-C3-00\startup_PN74xxxx.s

GPIO_06_IRQHandler 00000020

Symbol: GPIO_06_IRQHandler
   Definitions
      At line 229 in file RTE\Device\PN7462AU-C3-00\startup_PN74xxxx.s
   Uses
      At line 126 in file RTE\Device\PN7462AU-C3-00\startup_PN74xxxx.s
      At line 206 in file RTE\Device\PN7462AU-C3-00\startup_PN74xxxx.s

GPIO_07_IRQHandler 00000020

Symbol: GPIO_07_IRQHandler
   Definitions
      At line 230 in file RTE\Device\PN7462AU-C3-00\startup_PN74xxxx.s
   Uses
      At line 127 in file RTE\Device\PN7462AU-C3-00\startup_PN74xxxx.s
      At line 207 in file RTE\Device\PN7462AU-C3-00\startup_PN74xxxx.s

GPIO_08_IRQHandler 00000020

Symbol: GPIO_08_IRQHandler
   Definitions
      At line 231 in file RTE\Device\PN7462AU-C3-00\startup_PN74xxxx.s
   Uses
      At line 128 in file RTE\Device\PN7462AU-C3-00\startup_PN74xxxx.s
      At line 208 in file RTE\Device\PN7462AU-C3-00\startup_PN74xxxx.s

GPIO_09_IRQHandler 00000020

Symbol: GPIO_09_IRQHandler
   Definitions
      At line 232 in file RTE\Device\PN7462AU-C3-00\startup_PN74xxxx.s
   Uses
      At line 129 in file RTE\Device\PN7462AU-C3-00\startup_PN74xxxx.s
      At line 209 in file RTE\Device\PN7462AU-C3-00\startup_PN74xxxx.s

GPIO_10_IRQHandler 00000020

Symbol: GPIO_10_IRQHandler
   Definitions
      At line 233 in file RTE\Device\PN7462AU-C3-00\startup_PN74xxxx.s
   Uses
      At line 130 in file RTE\Device\PN7462AU-C3-00\startup_PN74xxxx.s
      At line 210 in file RTE\Device\PN7462AU-C3-00\startup_PN74xxxx.s

GPIO_11_IRQHandler 00000020

Symbol: GPIO_11_IRQHandler



ARM Macro Assembler    Page 3 Alphabetic symbol ordering
Relocatable symbols

   Definitions
      At line 234 in file RTE\Device\PN7462AU-C3-00\startup_PN74xxxx.s
   Uses
      At line 131 in file RTE\Device\PN7462AU-C3-00\startup_PN74xxxx.s
      At line 211 in file RTE\Device\PN7462AU-C3-00\startup_PN74xxxx.s

GPIO_12_IRQHandler 00000020

Symbol: GPIO_12_IRQHandler
   Definitions
      At line 235 in file RTE\Device\PN7462AU-C3-00\startup_PN74xxxx.s
   Uses
      At line 132 in file RTE\Device\PN7462AU-C3-00\startup_PN74xxxx.s
      At line 212 in file RTE\Device\PN7462AU-C3-00\startup_PN74xxxx.s

GPIO_Common_IRQHandler 00000020

Symbol: GPIO_Common_IRQHandler
   Definitions
      At line 223 in file RTE\Device\PN7462AU-C3-00\startup_PN74xxxx.s
   Uses
      At line 120 in file RTE\Device\PN7462AU-C3-00\startup_PN74xxxx.s
      At line 200 in file RTE\Device\PN7462AU-C3-00\startup_PN74xxxx.s

HIF_IRQHandler 00000020

Symbol: HIF_IRQHandler
   Definitions
      At line 217 in file RTE\Device\PN7462AU-C3-00\startup_PN74xxxx.s
   Uses
      At line 113 in file RTE\Device\PN7462AU-C3-00\startup_PN74xxxx.s
      At line 194 in file RTE\Device\PN7462AU-C3-00\startup_PN74xxxx.s

HardFault_Handler 00000018

Symbol: HardFault_Handler
   Definitions
      At line 173 in file RTE\Device\PN7462AU-C3-00\startup_PN74xxxx.s
   Uses
      At line 92 in file RTE\Device\PN7462AU-C3-00\startup_PN74xxxx.s
      At line 174 in file RTE\Device\PN7462AU-C3-00\startup_PN74xxxx.s

I2CM_IRQHandler 00000020

Symbol: I2CM_IRQHandler
   Definitions
      At line 221 in file RTE\Device\PN7462AU-C3-00\startup_PN74xxxx.s
   Uses
      At line 118 in file RTE\Device\PN7462AU-C3-00\startup_PN74xxxx.s
      At line 198 in file RTE\Device\PN7462AU-C3-00\startup_PN74xxxx.s

NMI_Handler 00000016

Symbol: NMI_Handler
   Definitions
      At line 168 in file RTE\Device\PN7462AU-C3-00\startup_PN74xxxx.s
   Uses
      At line 91 in file RTE\Device\PN7462AU-C3-00\startup_PN74xxxx.s
      At line 169 in file RTE\Device\PN7462AU-C3-00\startup_PN74xxxx.s



ARM Macro Assembler    Page 4 Alphabetic symbol ordering
Relocatable symbols


PCR_IRQHandler 00000020

Symbol: PCR_IRQHandler
   Definitions
      At line 222 in file RTE\Device\PN7462AU-C3-00\startup_PN74xxxx.s
   Uses
      At line 119 in file RTE\Device\PN7462AU-C3-00\startup_PN74xxxx.s
      At line 199 in file RTE\Device\PN7462AU-C3-00\startup_PN74xxxx.s

PMU_IRQHandler 00000020

Symbol: PMU_IRQHandler
   Definitions
      At line 219 in file RTE\Device\PN7462AU-C3-00\startup_PN74xxxx.s
   Uses
      At line 116 in file RTE\Device\PN7462AU-C3-00\startup_PN74xxxx.s
      At line 196 in file RTE\Device\PN7462AU-C3-00\startup_PN74xxxx.s

PendSV_Handler 0000001C

Symbol: PendSV_Handler
   Definitions
      At line 181 in file RTE\Device\PN7462AU-C3-00\startup_PN74xxxx.s
   Uses
      At line 103 in file RTE\Device\PN7462AU-C3-00\startup_PN74xxxx.s
      At line 182 in file RTE\Device\PN7462AU-C3-00\startup_PN74xxxx.s

RF_IRQHandler 00000020

Symbol: RF_IRQHandler
   Definitions
      At line 216 in file RTE\Device\PN7462AU-C3-00\startup_PN74xxxx.s
   Uses
      At line 109 in file RTE\Device\PN7462AU-C3-00\startup_PN74xxxx.s
      At line 193 in file RTE\Device\PN7462AU-C3-00\startup_PN74xxxx.s

Reset_Handler 00000000

Symbol: Reset_Handler
   Definitions
      At line 150 in file RTE\Device\PN7462AU-C3-00\startup_PN74xxxx.s
   Uses
      At line 90 in file RTE\Device\PN7462AU-C3-00\startup_PN74xxxx.s
      At line 151 in file RTE\Device\PN7462AU-C3-00\startup_PN74xxxx.s

SPIM_IRQHandler 00000020

Symbol: SPIM_IRQHandler
   Definitions
      At line 220 in file RTE\Device\PN7462AU-C3-00\startup_PN74xxxx.s
   Uses
      At line 117 in file RTE\Device\PN7462AU-C3-00\startup_PN74xxxx.s
      At line 197 in file RTE\Device\PN7462AU-C3-00\startup_PN74xxxx.s

SVC_Handler 0000001A

Symbol: SVC_Handler
   Definitions



ARM Macro Assembler    Page 5 Alphabetic symbol ordering
Relocatable symbols

      At line 177 in file RTE\Device\PN7462AU-C3-00\startup_PN74xxxx.s
   Uses
      At line 100 in file RTE\Device\PN7462AU-C3-00\startup_PN74xxxx.s
      At line 178 in file RTE\Device\PN7462AU-C3-00\startup_PN74xxxx.s

SysTick_Handler 0000001E

Symbol: SysTick_Handler
   Definitions
      At line 185 in file RTE\Device\PN7462AU-C3-00\startup_PN74xxxx.s
   Uses
      At line 104 in file RTE\Device\PN7462AU-C3-00\startup_PN74xxxx.s
      At line 186 in file RTE\Device\PN7462AU-C3-00\startup_PN74xxxx.s

TIMER_IRQHandler 00000020

Symbol: TIMER_IRQHandler
   Definitions
      At line 215 in file RTE\Device\PN7462AU-C3-00\startup_PN74xxxx.s
   Uses
      At line 107 in file RTE\Device\PN7462AU-C3-00\startup_PN74xxxx.s
      At line 192 in file RTE\Device\PN7462AU-C3-00\startup_PN74xxxx.s

__user_initial_stackheap 00000024

Symbol: __user_initial_stackheap
   Definitions
      At line 255 in file RTE\Device\PN7462AU-C3-00\startup_PN74xxxx.s
   Uses
      At line 254 in file RTE\Device\PN7462AU-C3-00\startup_PN74xxxx.s
Comment: __user_initial_stackheap used once
30 symbols



ARM Macro Assembler    Page 1 Alphabetic symbol ordering
Absolute symbols

Heap_Size 00001388

Symbol: Heap_Size
   Definitions
      At line 36 in file RTE\Device\PN7462AU-C3-00\startup_PN74xxxx.s
   Uses
      At line 74 in file RTE\Device\PN7462AU-C3-00\startup_PN74xxxx.s
      At line 259 in file RTE\Device\PN7462AU-C3-00\startup_PN74xxxx.s

MSP_Size 00000190

Symbol: MSP_Size
   Definitions
      At line 20 in file RTE\Device\PN7462AU-C3-00\startup_PN74xxxx.s
   Uses
      At line 68 in file RTE\Device\PN7462AU-C3-00\startup_PN74xxxx.s
Comment: MSP_Size used once
PSP_Size 00000800

Symbol: PSP_Size
   Definitions
      At line 27 in file RTE\Device\PN7462AU-C3-00\startup_PN74xxxx.s
   Uses
      At line 70 in file RTE\Device\PN7462AU-C3-00\startup_PN74xxxx.s
Comment: PSP_Size used once
Stack_Mem 00102570

Symbol: Stack_Mem
   Definitions
      At line 70 in file RTE\Device\PN7462AU-C3-00\startup_PN74xxxx.s
   Uses
      At line 260 in file RTE\Device\PN7462AU-C3-00\startup_PN74xxxx.s
Comment: Stack_Mem used once
__Vectors_Size 000000C0

Symbol: __Vectors_Size
   Definitions
      At line 143 in file RTE\Device\PN7462AU-C3-00\startup_PN74xxxx.s
   Uses
      At line 87 in file RTE\Device\PN7462AU-C3-00\startup_PN74xxxx.s
Comment: __Vectors_Size used once
__initial_msp 00102F00

Symbol: __initial_msp
   Definitions
      At line 67 in file RTE\Device\PN7462AU-C3-00\startup_PN74xxxx.s
   Uses
      At line 68 in file RTE\Device\PN7462AU-C3-00\startup_PN74xxxx.s
      At line 89 in file RTE\Device\PN7462AU-C3-00\startup_PN74xxxx.s

__initial_psp 00102D70

Symbol: __initial_psp
   Definitions
      At line 68 in file RTE\Device\PN7462AU-C3-00\startup_PN74xxxx.s
   Uses
      At line 69 in file RTE\Device\PN7462AU-C3-00\startup_PN74xxxx.s
      At line 70 in file RTE\Device\PN7462AU-C3-00\startup_PN74xxxx.s
      At line 155 in file RTE\Device\PN7462AU-C3-00\startup_PN74xxxx.s



ARM Macro Assembler    Page 2 Alphabetic symbol ordering
Absolute symbols

      At line 258 in file RTE\Device\PN7462AU-C3-00\startup_PN74xxxx.s

__initial_sp 00102D70

Symbol: __initial_sp
   Definitions
      At line 69 in file RTE\Device\PN7462AU-C3-00\startup_PN74xxxx.s
   Uses
      None
Comment: __initial_sp unused
8 symbols



ARM Macro Assembler    Page 1 Alphabetic symbol ordering
External symbols

SystemInit 00000000

Symbol: SystemInit
   Definitions
      At line 152 in file RTE\Device\PN7462AU-C3-00\startup_PN74xxxx.s
   Uses
      At line 159 in file RTE\Device\PN7462AU-C3-00\startup_PN74xxxx.s
Comment: SystemInit used once
__main 00000000

Symbol: __main
   Definitions
      At line 153 in file RTE\Device\PN7462AU-C3-00\startup_PN74xxxx.s
   Uses
      At line 161 in file RTE\Device\PN7462AU-C3-00\startup_PN74xxxx.s
Comment: __main used once
__use_two_region_memory 00000000

Symbol: __use_two_region_memory
   Definitions
      At line 253 in file RTE\Device\PN7462AU-C3-00\startup_PN74xxxx.s
   Uses
      None
Comment: __use_two_region_memory unused
3 symbols
386 symbols in table
